<?xml version="1.0" encoding="UTF-8"?>
<testsuite name="org.corebanking.gateway.GatewayApplicationTests" tests="1" skipped="0" failures="0" errors="0" timestamp="2020-07-01T09:55:13" hostname="AMAC02ZK491LVDL" time="0.521">
  <properties/>
  <testcase name="temporal()" classname="org.corebanking.gateway.GatewayApplicationTests" time="0.521"/>
  <system-out><![CDATA[11:55:11.489 [Test worker] DEBUG org.springframework.test.context.BootstrapUtils - Instantiating CacheAwareContextLoaderDelegate from class [org.springframework.test.context.cache.DefaultCacheAwareContextLoaderDelegate]
11:55:11.498 [Test worker] DEBUG org.springframework.test.context.BootstrapUtils - Instantiating BootstrapContext using constructor [public org.springframework.test.context.support.DefaultBootstrapContext(java.lang.Class,org.springframework.test.context.CacheAwareContextLoaderDelegate)]
11:55:11.517 [Test worker] DEBUG org.springframework.test.context.BootstrapUtils - Instantiating TestContextBootstrapper for test class [org.corebanking.gateway.GatewayApplicationTests] from class [org.springframework.boot.test.context.SpringBootTestContextBootstrapper]
11:55:11.527 [Test worker] INFO org.springframework.boot.test.context.SpringBootTestContextBootstrapper - Neither @ContextConfiguration nor @ContextHierarchy found for test class [org.corebanking.gateway.GatewayApplicationTests], using SpringBootContextLoader
11:55:11.530 [Test worker] DEBUG org.springframework.test.context.support.AbstractContextLoader - Did not detect default resource location for test class [org.corebanking.gateway.GatewayApplicationTests]: class path resource [org/corebanking/gateway/GatewayApplicationTests-context.xml] does not exist
11:55:11.530 [Test worker] DEBUG org.springframework.test.context.support.AbstractContextLoader - Did not detect default resource location for test class [org.corebanking.gateway.GatewayApplicationTests]: class path resource [org/corebanking/gateway/GatewayApplicationTestsContext.groovy] does not exist
11:55:11.530 [Test worker] INFO org.springframework.test.context.support.AbstractContextLoader - Could not detect default resource locations for test class [org.corebanking.gateway.GatewayApplicationTests]: no resource found for suffixes {-context.xml, Context.groovy}.
11:55:11.531 [Test worker] INFO org.springframework.test.context.support.AnnotationConfigContextLoaderUtils - Could not detect default configuration classes for test class [org.corebanking.gateway.GatewayApplicationTests]: GatewayApplicationTests does not declare any static, non-private, non-final, nested classes annotated with @Configuration.
11:55:11.555 [Test worker] DEBUG org.springframework.test.context.support.ActiveProfilesUtils - Could not find an 'annotation declaring class' for annotation type [org.springframework.test.context.ActiveProfiles] and class [org.corebanking.gateway.GatewayApplicationTests]
11:55:11.597 [Test worker] DEBUG org.springframework.context.annotation.ClassPathScanningCandidateComponentProvider - Identified candidate component class: file [/Users/miguel.calvo/techdemos/corebanking/src/APIgateway/build/classes/java/main/org/corebanking/gateway/GatewayApplication.class]
11:55:11.602 [Test worker] INFO org.springframework.boot.test.context.SpringBootTestContextBootstrapper - Found @SpringBootConfiguration org.corebanking.gateway.GatewayApplication for test class org.corebanking.gateway.GatewayApplicationTests
11:55:11.670 [Test worker] DEBUG org.springframework.boot.test.context.SpringBootTestContextBootstrapper - @TestExecutionListeners is not present for class [org.corebanking.gateway.GatewayApplicationTests]: using defaults.
11:55:11.670 [Test worker] INFO org.springframework.boot.test.context.SpringBootTestContextBootstrapper - Loaded default TestExecutionListener class names from location [META-INF/spring.factories]: [org.springframework.boot.test.autoconfigure.restdocs.RestDocsTestExecutionListener, org.springframework.boot.test.autoconfigure.web.client.MockRestServiceServerResetTestExecutionListener, org.springframework.boot.test.autoconfigure.web.servlet.MockMvcPrintOnlyOnFailureTestExecutionListener, org.springframework.boot.test.autoconfigure.web.servlet.WebDriverTestExecutionListener, org.springframework.boot.test.autoconfigure.webservices.client.MockWebServiceServerTestExecutionListener, org.springframework.boot.test.mock.mockito.MockitoTestExecutionListener, org.springframework.boot.test.mock.mockito.ResetMocksTestExecutionListener, org.springframework.test.context.web.ServletTestExecutionListener, org.springframework.test.context.support.DirtiesContextBeforeModesTestExecutionListener, org.springframework.test.context.support.DependencyInjectionTestExecutionListener, org.springframework.test.context.support.DirtiesContextTestExecutionListener, org.springframework.test.context.transaction.TransactionalTestExecutionListener, org.springframework.test.context.jdbc.SqlScriptsTestExecutionListener, org.springframework.test.context.event.EventPublishingTestExecutionListener]
11:55:11.675 [Test worker] DEBUG org.springframework.boot.test.context.SpringBootTestContextBootstrapper - Skipping candidate TestExecutionListener [org.springframework.test.context.web.ServletTestExecutionListener] due to a missing dependency. Specify custom listener classes or make the default listener classes and their required dependencies available. Offending class: [javax/servlet/ServletContext]
11:55:11.676 [Test worker] DEBUG org.springframework.boot.test.context.SpringBootTestContextBootstrapper - Skipping candidate TestExecutionListener [org.springframework.test.context.transaction.TransactionalTestExecutionListener] due to a missing dependency. Specify custom listener classes or make the default listener classes and their required dependencies available. Offending class: [org/springframework/transaction/TransactionDefinition]
11:55:11.676 [Test worker] DEBUG org.springframework.boot.test.context.SpringBootTestContextBootstrapper - Skipping candidate TestExecutionListener [org.springframework.test.context.jdbc.SqlScriptsTestExecutionListener] due to a missing dependency. Specify custom listener classes or make the default listener classes and their required dependencies available. Offending class: [org/springframework/transaction/interceptor/TransactionAttribute]
11:55:11.677 [Test worker] INFO org.springframework.boot.test.context.SpringBootTestContextBootstrapper - Using TestExecutionListeners: [org.springframework.test.context.support.DirtiesContextBeforeModesTestExecutionListener@1bbe6571, org.springframework.boot.test.mock.mockito.MockitoTestExecutionListener@104a2a56, org.springframework.boot.test.autoconfigure.SpringBootDependencyInjectionTestExecutionListener@1174e463, org.springframework.test.context.support.DirtiesContextTestExecutionListener@490b3a8, org.springframework.test.context.event.EventPublishingTestExecutionListener@6c6ddba6, org.springframework.boot.test.autoconfigure.restdocs.RestDocsTestExecutionListener@2d3444e7, org.springframework.boot.test.autoconfigure.web.client.MockRestServiceServerResetTestExecutionListener@1bd5fade, org.springframework.boot.test.autoconfigure.web.servlet.MockMvcPrintOnlyOnFailureTestExecutionListener@1ad907ff, org.springframework.boot.test.autoconfigure.web.servlet.WebDriverTestExecutionListener@18eb5fe9, org.springframework.boot.test.autoconfigure.webservices.client.MockWebServiceServerTestExecutionListener@17f7236f, org.springframework.boot.test.mock.mockito.ResetMocksTestExecutionListener@23403845]
11:55:11.679 [Test worker] DEBUG org.springframework.test.context.support.AbstractDirtiesContextTestExecutionListener - Before test class: context [DefaultTestContext@67b7013f testClass = GatewayApplicationTests, testInstance = [null], testMethod = [null], testException = [null], mergedContextConfiguration = [ReactiveWebMergedContextConfiguration@1de0260f testClass = GatewayApplicationTests, locations = '{}', classes = '{class org.corebanking.gateway.GatewayApplication}', contextInitializerClasses = '[]', activeProfiles = '{}', propertySourceLocations = '{}', propertySourceProperties = '{org.springframework.boot.test.context.SpringBootTestContextBootstrapper=true, server.port=0}', contextCustomizers = set[org.springframework.boot.test.autoconfigure.properties.PropertyMappingContextCustomizer@0, org.springframework.boot.test.autoconfigure.web.servlet.WebDriverContextCustomizerFactory$Customizer@436a4e43, org.springframework.boot.test.context.filter.ExcludeFilterContextCustomizer@79d72f1, org.springframework.boot.test.json.DuplicateJsonObjectContextCustomizerFactory$DuplicateJsonObjectContextCustomizer@7d5b8104, org.springframework.boot.test.mock.mockito.MockitoContextCustomizer@0, org.springframework.boot.test.web.client.TestRestTemplateContextCustomizer@2e8cb765, org.springframework.boot.test.web.reactive.server.WebTestClientContextCustomizer@2724fadb, org.springframework.boot.test.context.SpringBootTestArgs@1], contextLoader = 'org.springframework.boot.test.context.SpringBootContextLoader', parent = [null]], attributes = map['org.springframework.test.context.web.ServletTestExecutionListener.activateListener' -> false]], class annotated with @DirtiesContext [false] with mode [null].
---Inside initAll---
11:55:11.689 [Test worker] DEBUG org.springframework.test.context.support.DependencyInjectionTestExecutionListener - Performing dependency injection for test context [[DefaultTestContext@67b7013f testClass = GatewayApplicationTests, testInstance = org.corebanking.gateway.GatewayApplicationTests@6572441, testMethod = [null], testException = [null], mergedContextConfiguration = [ReactiveWebMergedContextConfiguration@1de0260f testClass = GatewayApplicationTests, locations = '{}', classes = '{class org.corebanking.gateway.GatewayApplication}', contextInitializerClasses = '[]', activeProfiles = '{}', propertySourceLocations = '{}', propertySourceProperties = '{org.springframework.boot.test.context.SpringBootTestContextBootstrapper=true, server.port=0}', contextCustomizers = set[org.springframework.boot.test.autoconfigure.properties.PropertyMappingContextCustomizer@0, org.springframework.boot.test.autoconfigure.web.servlet.WebDriverContextCustomizerFactory$Customizer@436a4e43, org.springframework.boot.test.context.filter.ExcludeFilterContextCustomizer@79d72f1, org.springframework.boot.test.json.DuplicateJsonObjectContextCustomizerFactory$DuplicateJsonObjectContextCustomizer@7d5b8104, org.springframework.boot.test.mock.mockito.MockitoContextCustomizer@0, org.springframework.boot.test.web.client.TestRestTemplateContextCustomizer@2e8cb765, org.springframework.boot.test.web.reactive.server.WebTestClientContextCustomizer@2724fadb, org.springframework.boot.test.context.SpringBootTestArgs@1], contextLoader = 'org.springframework.boot.test.context.SpringBootContextLoader', parent = [null]], attributes = map['org.springframework.test.context.web.ServletTestExecutionListener.activateListener' -> false]]].
11:55:11.704 [Test worker] DEBUG org.springframework.test.context.support.TestPropertySourceUtils - Adding inlined properties to environment: {spring.jmx.enabled=false, org.springframework.boot.test.context.SpringBootTestContextBootstrapper=true, server.port=0}

  .   ____          _            __ _ _
 /\\ / ___'_ __ _ _(_)_ __  __ _ \ \ \ \
( ( )\___ | '_ | '_| | '_ \/ _` | \ \ \ \
 \\/  ___)| |_)| | | | | || (_| |  ) ) ) )
  '  |____| .__|_| |_|_| |_\__, | / / / /
 =========|_|==============|___/=/_/_/_/
 :: Spring Boot ::        (v2.3.1.RELEASE)

2020-07-01 11:55:12.155  INFO 12623 --- [    Test worker] o.c.gateway.GatewayApplicationTests      : No active profile set, falling back to default profiles: default
2020-07-01 11:55:12.538  INFO 12623 --- [    Test worker] o.s.cloud.context.scope.GenericScope     : BeanFactory id=373da860-fed4-3e6b-a1f8-3dbe7eb69768
2020-07-01 11:55:13.307  INFO 12623 --- [    Test worker] o.s.c.g.r.RouteDefinitionRouteLocator    : Loaded RoutePredicateFactory [After]
2020-07-01 11:55:13.307  INFO 12623 --- [    Test worker] o.s.c.g.r.RouteDefinitionRouteLocator    : Loaded RoutePredicateFactory [Before]
2020-07-01 11:55:13.307  INFO 12623 --- [    Test worker] o.s.c.g.r.RouteDefinitionRouteLocator    : Loaded RoutePredicateFactory [Between]
2020-07-01 11:55:13.308  INFO 12623 --- [    Test worker] o.s.c.g.r.RouteDefinitionRouteLocator    : Loaded RoutePredicateFactory [Cookie]
2020-07-01 11:55:13.308  INFO 12623 --- [    Test worker] o.s.c.g.r.RouteDefinitionRouteLocator    : Loaded RoutePredicateFactory [Header]
2020-07-01 11:55:13.308  INFO 12623 --- [    Test worker] o.s.c.g.r.RouteDefinitionRouteLocator    : Loaded RoutePredicateFactory [Host]
2020-07-01 11:55:13.308  INFO 12623 --- [    Test worker] o.s.c.g.r.RouteDefinitionRouteLocator    : Loaded RoutePredicateFactory [Method]
2020-07-01 11:55:13.308  INFO 12623 --- [    Test worker] o.s.c.g.r.RouteDefinitionRouteLocator    : Loaded RoutePredicateFactory [Path]
2020-07-01 11:55:13.308  INFO 12623 --- [    Test worker] o.s.c.g.r.RouteDefinitionRouteLocator    : Loaded RoutePredicateFactory [Query]
2020-07-01 11:55:13.308  INFO 12623 --- [    Test worker] o.s.c.g.r.RouteDefinitionRouteLocator    : Loaded RoutePredicateFactory [ReadBodyPredicateFactory]
2020-07-01 11:55:13.308  INFO 12623 --- [    Test worker] o.s.c.g.r.RouteDefinitionRouteLocator    : Loaded RoutePredicateFactory [RemoteAddr]
2020-07-01 11:55:13.308  INFO 12623 --- [    Test worker] o.s.c.g.r.RouteDefinitionRouteLocator    : Loaded RoutePredicateFactory [Weight]
2020-07-01 11:55:13.308  INFO 12623 --- [    Test worker] o.s.c.g.r.RouteDefinitionRouteLocator    : Loaded RoutePredicateFactory [CloudFoundryRouteService]
2020-07-01 11:55:13.691  INFO 12623 --- [    Test worker] o.s.b.web.embedded.netty.NettyWebServer  : Netty started on port(s): 54070
2020-07-01 11:55:13.722  INFO 12623 --- [    Test worker] o.c.gateway.GatewayApplicationTests      : Started GatewayApplicationTests in 2.016 seconds (JVM running for 2.769)
Start...temporal()
]]></system-out>
  <system-err><![CDATA[]]></system-err>
</testsuite>
